[LOG] System::create                           : Header version = 2.02.21. Current version = 2.02.21.
[LOG] Manager::init                            : maxchannels = 256 studioflags = 00000006 flags 00000000 extradriverdata 0000000000000000.
[LOG] SystemI::init                            : Initialize version=20221 (141420), maxchannels=256, flags=0x00020000
[LOG] SystemI::setOutputInternal               : Setting output to 'FMOD WASAPI Output'
[LOG] OutputWASAPI::init                       : Mix Format (WAVEFORMATEX): wFormatTag=0xFFFE, nChannels=2, nSamplesPerSec=48000, nAvgBytesPerSec=384000, nBlockAlign=8, wBitsPerSample=32, cbSize=22.
[LOG] OutputWASAPI::init                       : Mix Format (WAVEFORMATEXTENSIBLE): wValidBitsPerSample=32, dwChannelMask=0x00000003, SubFormat=00000003-0000-0010-8000-00AA00389B71.
[LOG] OutputWASAPI::init                       : Output buffer size: 4096 samples, latency: 0.00ms, period: 10.00ms, DSP buffer: 1024 * 4
[LOG] Thread::initThread                       : Init FMOD stream thread. Affinity: 0x4000000000000003, Priority: 0xFFFF7FFB, Stack Size: 98304, Semaphore: No, Sleep Time: 10, Looping: Yes.
[LOG] Thread::initThread                       : Init FMOD mixer thread. Affinity: 0x4000000000000001, Priority: 0xFFFF7FFA, Stack Size: 81920, Semaphore: No, Sleep Time: 0, Looping: Yes.
[LOG] AsyncManager::init                       : manager 0000023F61C9B728 isAsync 0 updatePeriod 0.02
[LOG] AsyncManager::init                       : done
[LOG] PlaybackSystem::init                     : 
[LOG] Thread::initThread                       : Init FMOD Studio sample load thread. Affinity: 0x4000000000000003, Priority: 0xFFFF7FFD, Stack Size: 98304, Semaphore: No, Sleep Time: 1, Looping: No.
[LOG] PlaybackSystem::init                     : done
[LOG] Thread::initThread                       : Init FMOD Studio bank load thread. Affinity: 0x4000000000000003, Priority: 0xFFFF7FFD, Stack Size: 98304, Semaphore: No, Sleep Time: 1, Looping: No.
[LOG] Manager::init                            : done.
[LOG] Manager::readBank                        : fileversion = 142, compatVersion = 140 (oldest = 44, newest = 142)
[LOG] Manager::readBank                        : fileversion = 142, compatVersion = 140 (oldest = 44, newest = 142)
[LOG] PlaybackSystem::acquireMasterBus         : Setting master channel group format to 6
[LOG] Manager::readBank                        : fileversion = 142, compatVersion = 140 (oldest = 44, newest = 142)
[LOG] Manager::readBank                        : fileversion = 142, compatVersion = 140 (oldest = 44, newest = 142)
[LOG] SystemI::createSound                     : filename = Assets/Audio/EDS_Audio/Build/Desktop/Music.bank : mode 02010082
[LOG] SystemI::createSound                     : FMOD_NONBLOCKING specified.  Putting into queue to be opened asynchronously!
[LOG] Thread::initThread                       : Init FMOD nonblocking thread (0). Affinity: 0x4000000000000003, Priority: 0xFFFF7FFC, Stack Size: 114688, Semaphore: Yes, Sleep Time: 0, Looping: Yes.
[LOG] AsyncThread::add                         : add sound to async queue : soundi = 0000023F7C212B68, queue head = 0000023FF5BCAE68, queue count = 0
[LOG] AsyncThread::threadFunc                  : Starting Asynchronous operation on sound 0000023F7C212B68
[LOG] SystemI::createSound                     : filename = Assets/Audio/EDS_Audio/Build/Desktop/Music.bank : mode 02010082
[LOG] SystemI::createSoundInternal             :     Create name='Assets/Audio/EDS_Audio/Build/Desktop/Music.bank', mode=0x02010082
[LOG] SystemI::createSound                     :     FMOD_NONBLOCKING specified.  Putting into queue to be opened asynchronously!
[LOG] SystemI::createSoundInternal             :     exinfo->cbsize             = 224
[LOG] AsyncThread::add                         :     add sound to async queue : soundi = 0000023F7C212D18, queue head = 0000023FF5BCAE68, queue count = 0
[LOG] SystemI::createSoundInternal             :     exinfo->length             = 4727744
[LOG] SystemI::createSoundInternal             :     exinfo->fileoffset         = 17344
[LOG] SystemI::createSoundInternal             :     exinfo->numsubsounds       = 1
[LOG] SystemI::createSound                     :     filename = Assets/Audio/EDS_Audio/Build/Desktop/Music.bank : mode 02010082
[LOG] SystemI::createSoundInternal             :     exinfo->inclusionlist      = 0000023F6247C9C0
[LOG] SystemI::createSound                     :     FMOD_NONBLOCKING specified.  Putting into queue to be opened asynchronously!
[LOG] SystemI::createSoundInternal             :     exinfo->inclusionlistnum   = 1
[LOG] SystemI::createSoundInternal             :     exinfo->suggestedsoundtype = 5
[LOG] AsyncThread::add                         :     add sound to async queue : soundi = 0000023FF5A9D7B8, queue head = 0000023FF5BCAE68, queue count = 1
[LOG] SystemI::createSoundInternal             :     exinfo->initialseekpostype = 1
[LOG] SystemI::createSound                     :     filename = Assets/Audio/EDS_Audio/Build/Desktop/Music.bank : mode 02010082
[LOG] SystemI::createSound                     :     FMOD_NONBLOCKING specified.  Putting into queue to be opened asynchronously!
[LOG] AsyncThread::add                         :     add sound to async queue : soundi = 0000023FF5A9E388, queue head = 0000023FF5BCAE68, queue count = 2
[LOG] SystemI::createSound                     :     filename = Assets/Audio/EDS_Audio/Build/Desktop/Music.bank : mode 02010082
[LOG] SystemI::createSound                     :     FMOD_NONBLOCKING specified.  Putting into queue to be opened asynchronously!
[LOG] AsyncThread::add                         :     add sound to async queue : soundi = 0000023FF5A9D2A8, queue head = 0000023FF5BCAE68, queue count = 3
[LOG] SystemI::createSoundInternal             :     Stream 0/1: name='EDS_Main_Menu_Theme_VocSoprano_III', format=5, channels=2, frequency=48000, lengthbytes=310240, lengthpcm=1212000, pcmblocksize=0, loopstart=0, loopend=0, mode=0x00000000, channelmask=0x00000000, channelorder=0, peakvolume=0.182683.
[LOG] Thread::initThread                       :     Init FMOD file thread. Affinity: 0x4000000000000003, Priority: 0xFFFF7FFC, Stack Size: 65536, Semaphore: No, Sleep Time: 10, Looping: Yes.
[LOG] AsyncThread::threadFunc                  : Finished Asynchronous operation on sound 0000023F7C212B68
[LOG] AsyncThread::threadFunc                  : Starting Asynchronous operation on sound 0000023F7C212D18
[LOG] SystemI::createSoundInternal             :     Create name='Assets/Audio/EDS_Audio/Build/Desktop/Music.bank', mode=0x02010082
[LOG] SystemI::createSoundInternal             :     exinfo->cbsize             = 224
[LOG] SystemI::createSoundInternal             :     exinfo->length             = 4727744
[LOG] SystemI::createSoundInternal             :     exinfo->fileoffset         = 17344
[LOG] SystemI::createSoundInternal             :     exinfo->numsubsounds       = 1
[LOG] SystemI::createSoundInternal             :     exinfo->inclusionlist      = 0000023F6247CC40
[LOG] SystemI::createSoundInternal             :     exinfo->inclusionlistnum   = 1
[LOG] SystemI::createSoundInternal             :     exinfo->suggestedsoundtype = 5
[LOG] SystemI::createSoundInternal             :     exinfo->initialseekpostype = 1
[LOG] SystemI::createSoundInternal             :     Stream 0/1: name='EDS_Main_Menu_Theme_VocSoprano_I', format=5, channels=2, frequency=48000, lengthbytes=210432, lengthpcm=1212000, pcmblocksize=0, loopstart=0, loopend=0, mode=0x00000000, channelmask=0x00000000, channelorder=0, peakvolume=0.515428.
[LOG] AsyncThread::threadFunc                  : Finished Asynchronous operation on sound 0000023F7C212D18
[LOG] AsyncThread::threadFunc                  : Starting Asynchronous operation on sound 0000023FF5A9D7B8
[LOG] SystemI::createSoundInternal             :     Create name='Assets/Audio/EDS_Audio/Build/Desktop/Music.bank', mode=0x02010082
[LOG] SystemI::createSoundInternal             :     exinfo->cbsize             = 224
[LOG] SystemI::createSoundInternal             :     exinfo->length             = 4727744
[LOG] SystemI::createSoundInternal             :     exinfo->fileoffset         = 17344
[LOG] SystemI::createSoundInternal             :     exinfo->numsubsounds       = 1
[LOG] SystemI::createSoundInternal             :     exinfo->inclusionlist      = 0000023F6247CD80
[LOG] SystemI::createSoundInternal             :     exinfo->inclusionlistnum   = 1
[LOG] SystemI::createSoundInternal             :     exinfo->suggestedsoundtype = 5
[LOG] SystemI::createSoundInternal             :     exinfo->initialseekpostype = 1
[LOG] SystemI::createSoundInternal             :     Stream 0/1: name='EDS_Main_Menu_Theme_VocSoprano_II', format=5, channels=2, frequency=48000, lengthbytes=209504, lengthpcm=1212000, pcmblocksize=0, loopstart=0, loopend=0, mode=0x00000000, channelmask=0x00000000, channelorder=0, peakvolume=0.344222.
[LOG] AsyncThread::threadFunc                  : Finished Asynchronous operation on sound 0000023FF5A9D7B8
[LOG] AsyncThread::threadFunc                  : Starting Asynchronous operation on sound 0000023FF5A9E388
[LOG] SystemI::createSoundInternal             :     Create name='Assets/Audio/EDS_Audio/Build/Desktop/Music.bank', mode=0x02010082
[LOG] SystemI::createSoundInternal             :     exinfo->cbsize             = 224
[LOG] SystemI::createSoundInternal             :     exinfo->length             = 4727744
[LOG] SystemI::createSoundInternal             :     exinfo->fileoffset         = 17344
[LOG] SystemI::createSoundInternal             :     exinfo->numsubsounds       = 1
[LOG] SystemI::createSoundInternal             :     exinfo->inclusionlist      = 0000023F6247D3C0
[LOG] SystemI::createSoundInternal             :     exinfo->inclusionlistnum   = 1
[LOG] SystemI::createSoundInternal             :     exinfo->suggestedsoundtype = 5
[LOG] SystemI::createSoundInternal             :     exinfo->initialseekpostype = 1
[LOG] SystemI::createSoundInternal             :     Stream 0/1: name='EDS_Main_Menu_Theme_VocAlto_I', format=5, channels=2, frequency=48000, lengthbytes=209248, lengthpcm=1212000, pcmblocksize=0, loopstart=0, loopend=0, mode=0x00000000, channelmask=0x00000000, channelorder=0, peakvolume=0.388014.
[LOG] AsyncThread::threadFunc                  : Finished Asynchronous operation on sound 0000023FF5A9E388
[LOG] AsyncThread::threadFunc                  : Starting Asynchronous operation on sound 0000023FF5A9D2A8
[LOG] SystemI::createSoundInternal             :     Create name='Assets/Audio/EDS_Audio/Build/Desktop/Music.bank', mode=0x02010082
[LOG] SystemI::createSoundInternal             :     exinfo->cbsize             = 224
[LOG] SystemI::createSoundInternal             :     exinfo->length             = 4727744
[LOG] SystemI::createSoundInternal             :     exinfo->fileoffset         = 17344
[LOG] SystemI::createSoundInternal             :     exinfo->numsubsounds       = 1
[LOG] SystemI::createSoundInternal             :     exinfo->inclusionlist      = 0000023F6247D000
[LOG] SystemI::createSoundInternal             :     exinfo->inclusionlistnum   = 1
[LOG] SystemI::createSoundInternal             :     exinfo->suggestedsoundtype = 5
[LOG] SystemI::createSoundInternal             :     exinfo->initialseekpostype = 1
[LOG] SystemI::createSoundInternal             :     Stream 0/1: name='EDS_Main_Menu_Theme_VocAlto_II', format=5, channels=2, frequency=48000, lengthbytes=314720, lengthpcm=1212000, pcmblocksize=0, loopstart=0, loopend=0, mode=0x00000000, channelmask=0x00000000, channelorder=0, peakvolume=0.143632.
[LOG] AsyncThread::threadFunc                  : Finished Asynchronous operation on sound 0000023FF5A9D2A8
[LOG] AsyncThread::add                         : add sound to async queue : soundi = 0000023FFC3C9EA8, queue head = 0000023FF5BCAE68, queue count = 0
[LOG] AsyncThread::threadFunc                  : Starting Asynchronous operation on sound 0000023FFC3C9EA8
[LOG] AsyncThread::add                         : add sound to async queue : soundi = 0000023FFC3C97E8, queue head = 0000023FF5BCAE68, queue count = 0
[LOG] AsyncThread::add                         :     add sound to async queue : soundi = 0000023FFC3C9638, queue head = 0000023FF5BCAE68, queue count = 1
[LOG] AsyncThread::add                         :     add sound to async queue : soundi = 0000023FFC3CB648, queue head = 0000023FF5BCAE68, queue count = 2
[LOG] AsyncThread::add                         :     add sound to async queue : soundi = 0000023FFC3CFD28, queue head = 0000023FF5BCAE68, queue count = 3
[LOG] AsyncThread::threadFunc                  : Finished Asynchronous operation on sound 0000023FFC3C9EA8
[LOG] AsyncThread::threadFunc                  : Starting Asynchronous operation on sound 0000023FFC3C97E8
[LOG] AsyncThread::threadFunc                  : Finished Asynchronous operation on sound 0000023FFC3C97E8
[LOG] AsyncThread::threadFunc                  : Starting Asynchronous operation on sound 0000023FFC3C9638
[LOG] AsyncThread::threadFunc                  : Finished Asynchronous operation on sound 0000023FFC3C9638
[LOG] AsyncThread::threadFunc                  : Starting Asynchronous operation on sound 0000023FFC3CB648
[LOG] AsyncThread::threadFunc                  : Finished Asynchronous operation on sound 0000023FFC3CB648
[LOG] AsyncThread::threadFunc                  : Starting Asynchronous operation on sound 0000023FFC3CFD28
[LOG] AsyncThread::threadFunc                  : Finished Asynchronous operation on sound 0000023FFC3CFD28
[LOG] SoundI::release                          : EDS_Main_Menu_Theme_VocAlto_II (0000023FF5A9D2A8)
[LOG] SoundI::release                          :     EDS_Main_Menu_Theme_VocAlto_II (0000023E9011D438)
[LOG] SoundI::release                          :     EDS_Main_Menu_Theme_VocAlto_II (0000023FFC3CFD28)
[LOG] SoundI::release                          : EDS_Main_Menu_Theme_VocAlto_I (0000023FF5A9E388)
[LOG] SoundI::release                          :     EDS_Main_Menu_Theme_VocAlto_I (0000023E9011D0F8)
[LOG] SoundI::release                          :     EDS_Main_Menu_Theme_VocAlto_I (0000023FFC3C97E8)
[LOG] SoundI::release                          : EDS_Main_Menu_Theme_VocSoprano_II (0000023FF5A9D7B8)
[LOG] SoundI::release                          :     EDS_Main_Menu_Theme_VocSoprano_II (0000023E9011BBD8)
[LOG] SoundI::release                          :     EDS_Main_Menu_Theme_VocSoprano_II (0000023FFC3C9638)
[LOG] SoundI::release                          : EDS_Main_Menu_Theme_VocSoprano_I (0000023F7C212D18)
[LOG] SoundI::release                          :     EDS_Main_Menu_Theme_VocSoprano_I (0000023E9011CF58)
[LOG] SoundI::release                          :     EDS_Main_Menu_Theme_VocSoprano_I (0000023FFC3C9EA8)
[LOG] SoundI::release                          : EDS_Main_Menu_Theme_VocSoprano_III (0000023F7C212B68)
[LOG] SoundI::release                          :     EDS_Main_Menu_Theme_VocSoprano_III (0000023E9011C8D8)
[LOG] SoundI::release                          :     EDS_Main_Menu_Theme_VocSoprano_III (0000023FFC3CB648)
[LOG] SystemI::createSound                     : filename = Assets/Audio/EDS_Audio/Build/Desktop/Music.bank : mode 02010082
[LOG] SystemI::createSound                     : FMOD_NONBLOCKING specified.  Putting into queue to be opened asynchronously!
[LOG] AsyncThread::add                         : add sound to async queue : soundi = 0000023E948CF0A8, queue head = 0000023FF5BCAE68, queue count = 0
[LOG] AsyncThread::threadFunc                  : Starting Asynchronous operation on sound 0000023E948CF0A8
[LOG] SystemI::createSoundInternal             :     Create name='Assets/Audio/EDS_Audio/Build/Desktop/Music.bank', mode=0x02010082
[LOG] SystemI::createSound                     : filename = Assets/Audio/EDS_Audio/Build/Desktop/Music.bank : mode 02010082
[LOG] SystemI::createSoundInternal             :     exinfo->cbsize             = 224
[LOG] SystemI::createSound                     :     FMOD_NONBLOCKING specified.  Putting into queue to be opened asynchronously!
[LOG] SystemI::createSoundInternal             :     exinfo->length             = 4727744
[LOG] AsyncThread::add                         :     add sound to async queue : soundi = 0000023E948CF258, queue head = 0000023FF5BCAE68, queue count = 0
[LOG] SystemI::createSoundInternal             :     exinfo->fileoffset         = 17344
[LOG] SystemI::createSound                     :     filename = Assets/Audio/EDS_Audio/Build/Desktop/Music.bank : mode 02010082
[LOG] SystemI::createSoundInternal             :     exinfo->numsubsounds       = 1
[LOG] SystemI::createSound                     :     FMOD_NONBLOCKING specified.  Putting into queue to be opened asynchronously!
[LOG] SystemI::createSoundInternal             :     exinfo->inclusionlist      = 0000023E95875CA0
[LOG] AsyncThread::add                         :     add sound to async queue : soundi = 0000023E948CF5B8, queue head = 0000023FF5BCAE68, queue count = 1
[LOG] SystemI::createSoundInternal             :     exinfo->inclusionlistnum   = 1
[LOG] SystemI::createSound                     :     filename = Assets/Audio/EDS_Audio/Build/Desktop/Music.bank : mode 02010082
[LOG] SystemI::createSoundInternal             :     exinfo->suggestedsoundtype = 5
[LOG] SystemI::createSound                     :     FMOD_NONBLOCKING specified.  Putting into queue to be opened asynchronously!
[LOG] SystemI::createSoundInternal             :     exinfo->initialseekpostype = 1
[LOG] AsyncThread::add                         :     add sound to async queue : soundi = 0000023F61B4BD38, queue head = 0000023FF5BCAE68, queue count = 2
[LOG] SystemI::createSound                     :     filename = Assets/Audio/EDS_Audio/Build/Desktop/Music.bank : mode 02010082
[LOG] SystemI::createSound                     :     FMOD_NONBLOCKING specified.  Putting into queue to be opened asynchronously!
[LOG] AsyncThread::add                         :     add sound to async queue : soundi = 0000023FF5A9D7B8, queue head = 0000023FF5BCAE68, queue count = 3
[LOG] SystemI::createSound                     :     filename = Assets/Audio/EDS_Audio/Build/Desktop/Music.bank : mode 02010082
[LOG] SystemI::createSound                     :     FMOD_NONBLOCKING specified.  Putting into queue to be opened asynchronously!
[LOG] AsyncThread::add                         :     add sound to async queue : soundi = 0000023FF5A9D2A8, queue head = 0000023FF5BCAE68, queue count = 4
[LOG] SystemI::createSound                     :     filename = Assets/Audio/EDS_Audio/Build/Desktop/Music.bank : mode 02010082
[LOG] SystemI::createSound                     :     FMOD_NONBLOCKING specified.  Putting into queue to be opened asynchronously!
[LOG] AsyncThread::add                         :     add sound to async queue : soundi = 0000023FF5A9D968, queue head = 0000023FF5BCAE68, queue count = 5
[LOG] SystemI::createSoundInternal             :     Stream 0/1: name='EDS_Battle_Theme_Violin_II', format=5, channels=2, frequency=48000, lengthbytes=682912, lengthpcm=2784000, pcmblocksize=0, loopstart=0, loopend=0, mode=0x00000000, channelmask=0x00000000, channelorder=0, peakvolume=0.438963.
[LOG] AsyncThread::threadFunc                  : Finished Asynchronous operation on sound 0000023E948CF0A8
[LOG] AsyncThread::threadFunc                  : Starting Asynchronous operation on sound 0000023E948CF258
[LOG] SystemI::createSoundInternal             :     Create name='Assets/Audio/EDS_Audio/Build/Desktop/Music.bank', mode=0x02010082
[LOG] SystemI::createSoundInternal             :     exinfo->cbsize             = 224
[LOG] SystemI::createSoundInternal             :     exinfo->length             = 4727744
[LOG] SystemI::createSoundInternal             :     exinfo->fileoffset         = 17344
[LOG] SystemI::createSoundInternal             :     exinfo->numsubsounds       = 1
[LOG] SystemI::createSoundInternal             :     exinfo->inclusionlist      = 0000023E958757A0
[LOG] SystemI::createSoundInternal             :     exinfo->inclusionlistnum   = 1
[LOG] SystemI::createSoundInternal             :     exinfo->suggestedsoundtype = 5
[LOG] SystemI::createSoundInternal             :     exinfo->initialseekpostype = 1
[LOG] SystemI::createSoundInternal             :     Stream 0/1: name='EDS_Battle_Theme_Drums', format=5, channels=2, frequency=48000, lengthbytes=220512, lengthpcm=2784000, pcmblocksize=0, loopstart=0, loopend=0, mode=0x00000000, channelmask=0x00000000, channelorder=0, peakvolume=0.615612.
[LOG] AsyncThread::threadFunc                  : Finished Asynchronous operation on sound 0000023E948CF258
[LOG] AsyncThread::threadFunc                  : Starting Asynchronous operation on sound 0000023E948CF5B8
[LOG] SystemI::createSoundInternal             :     Create name='Assets/Audio/EDS_Audio/Build/Desktop/Music.bank', mode=0x02010082
[LOG] SystemI::createSoundInternal             :     exinfo->cbsize             = 224
[LOG] SystemI::createSoundInternal             :     exinfo->length             = 4727744
[LOG] SystemI::createSoundInternal             :     exinfo->fileoffset         = 17344
[LOG] SystemI::createSoundInternal             :     exinfo->numsubsounds       = 1
[LOG] SystemI::createSoundInternal             :     exinfo->inclusionlist      = 0000023E958752A0
[LOG] SystemI::createSoundInternal             :     exinfo->inclusionlistnum   = 1
[LOG] SystemI::createSoundInternal             :     exinfo->suggestedsoundtype = 5
[LOG] SystemI::createSoundInternal             :     exinfo->initialseekpostype = 1
[LOG] SystemI::createSoundInternal             :     Stream 0/1: name='EDS_Battle_Theme_Cello', format=5, channels=2, frequency=48000, lengthbytes=546816, lengthpcm=2784000, pcmblocksize=0, loopstart=0, loopend=0, mode=0x00000000, channelmask=0x00000000, channelorder=0, peakvolume=0.213207.
[LOG] AsyncThread::threadFunc                  : Finished Asynchronous operation on sound 0000023E948CF5B8
[LOG] AsyncThread::threadFunc                  : Starting Asynchronous operation on sound 0000023F61B4BD38
[LOG] SystemI::createSoundInternal             :     Create name='Assets/Audio/EDS_Audio/Build/Desktop/Music.bank', mode=0x02010082
[LOG] SystemI::createSoundInternal             :     exinfo->cbsize             = 224
[LOG] SystemI::createSoundInternal             :     exinfo->length             = 4727744
[LOG] SystemI::createSoundInternal             :     exinfo->fileoffset         = 17344
[LOG] SystemI::createSoundInternal             :     exinfo->numsubsounds       = 1
[LOG] SystemI::createSoundInternal             :     exinfo->inclusionlist      = 0000023E95875DE0
[LOG] SystemI::createSoundInternal             :     exinfo->inclusionlistnum   = 1
[LOG] SystemI::createSoundInternal             :     exinfo->suggestedsoundtype = 5
[LOG] SystemI::createSoundInternal             :     exinfo->initialseekpostype = 1
[LOG] SystemI::createSoundInternal             :     Stream 0/1: name='EDS_Battle_Theme_Vox', format=5, channels=2, frequency=48000, lengthbytes=239232, lengthpcm=2784000, pcmblocksize=0, loopstart=0, loopend=0, mode=0x00000000, channelmask=0x00000000, channelorder=0, peakvolume=0.780728.
[LOG] AsyncThread::threadFunc                  : Finished Asynchronous operation on sound 0000023F61B4BD38
[LOG] AsyncThread::threadFunc                  : Starting Asynchronous operation on sound 0000023FF5A9D7B8
[LOG] SystemI::createSoundInternal             :     Create name='Assets/Audio/EDS_Audio/Build/Desktop/Music.bank', mode=0x02010082
[LOG] SystemI::createSoundInternal             :     exinfo->cbsize             = 224
[LOG] SystemI::createSoundInternal             :     exinfo->length             = 4727744
[LOG] SystemI::createSoundInternal             :     exinfo->fileoffset         = 17344
[LOG] SystemI::createSoundInternal             :     exinfo->numsubsounds       = 1
[LOG] SystemI::createSoundInternal             :     exinfo->inclusionlist      = 0000023F6247C9C0
[LOG] SystemI::createSoundInternal             :     exinfo->inclusionlistnum   = 1
[LOG] SystemI::createSoundInternal             :     exinfo->suggestedsoundtype = 5
[LOG] SystemI::createSoundInternal             :     exinfo->initialseekpostype = 1
[LOG] SystemI::createSoundInternal             :     Stream 0/1: name='EDS_Battle_Theme_Piano', format=5, channels=2, frequency=48000, lengthbytes=365920, lengthpcm=2784000, pcmblocksize=0, loopstart=0, loopend=0, mode=0x00000000, channelmask=0x00000000, channelorder=0, peakvolume=0.359079.
[LOG] AsyncThread::threadFunc                  : Finished Asynchronous operation on sound 0000023FF5A9D7B8
[LOG] AsyncThread::threadFunc                  : Starting Asynchronous operation on sound 0000023FF5A9D2A8
[LOG] SystemI::createSoundInternal             :     Create name='Assets/Audio/EDS_Audio/Build/Desktop/Music.bank', mode=0x02010082
[LOG] SystemI::createSoundInternal             :     exinfo->cbsize             = 224
[LOG] SystemI::createSoundInternal             :     exinfo->length             = 4727744
[LOG] SystemI::createSoundInternal             :     exinfo->fileoffset         = 17344
[LOG] SystemI::createSoundInternal             :     exinfo->numsubsounds       = 1
[LOG] SystemI::createSoundInternal             :     exinfo->inclusionlist      = 0000023F6247CC40
[LOG] SystemI::createSoundInternal             :     exinfo->inclusionlistnum   = 1
[LOG] SystemI::createSoundInternal             :     exinfo->suggestedsoundtype = 5
[LOG] SystemI::createSoundInternal             :     exinfo->initialseekpostype = 1
[LOG] SystemI::createSoundInternal             :     Stream 0/1: name='EDS_Battle_Theme_Violin_I', format=5, channels=2, frequency=48000, lengthbytes=731648, lengthpcm=2784000, pcmblocksize=0, loopstart=0, loopend=0, mode=0x00000000, channelmask=0x00000000, channelorder=0, peakvolume=0.409804.
[LOG] AsyncThread::threadFunc                  : Finished Asynchronous operation on sound 0000023FF5A9D2A8
[LOG] AsyncThread::threadFunc                  : Starting Asynchronous operation on sound 0000023FF5A9D968
[LOG] SystemI::createSoundInternal             :     Create name='Assets/Audio/EDS_Audio/Build/Desktop/Music.bank', mode=0x02010082
[LOG] SystemI::createSoundInternal             :     exinfo->cbsize             = 224
[LOG] SystemI::createSoundInternal             :     exinfo->length             = 4727744
[LOG] SystemI::createSoundInternal             :     exinfo->fileoffset         = 17344
[LOG] SystemI::createSoundInternal             :     exinfo->numsubsounds       = 1
[LOG] SystemI::createSoundInternal             :     exinfo->inclusionlist      = 0000023F6247CD80
[LOG] SystemI::createSoundInternal             :     exinfo->inclusionlistnum   = 1
[LOG] SystemI::createSoundInternal             :     exinfo->suggestedsoundtype = 5
[LOG] SystemI::createSoundInternal             :     exinfo->initialseekpostype = 1
[LOG] SystemI::createSoundInternal             :     Stream 0/1: name='EDS_Battle_Theme_Doublebass', format=5, channels=2, frequency=48000, lengthbytes=681504, lengthpcm=2784000, pcmblocksize=0, loopstart=0, loopend=0, mode=0x00000000, channelmask=0x00000000, channelorder=0, peakvolume=0.496796.
[LOG] AsyncThread::threadFunc                  : Finished Asynchronous operation on sound 0000023FF5A9D968
[LOG] SoundI::release                          : EDS_Battle_Theme_Doublebass (0000023FF5A9D968)
[LOG] SoundI::release                          :     EDS_Battle_Theme_Doublebass (0000023E9011E138)
[LOG] SoundI::release                          :     EDS_Battle_Theme_Doublebass (0000023E8E9C28D8)
[LOG] SoundI::release                          : EDS_Battle_Theme_Violin_I (0000023FF5A9D2A8)
[LOG] SoundI::release                          :     EDS_Battle_Theme_Violin_I (0000023E9011DDF8)
[LOG] SoundI::release                          :     EDS_Battle_Theme_Violin_I (0000023E8E9C2C38)
[LOG] SoundI::release                          : EDS_Battle_Theme_Piano (0000023FF5A9D7B8)
[LOG] SoundI::release                          :     EDS_Battle_Theme_Piano (0000023E9011DAB8)
[LOG] SoundI::release                          :     EDS_Battle_Theme_Piano (0000023E8E9C2A88)
[LOG] SoundI::release                          : EDS_Battle_Theme_Vox (0000023F61B4BD38)
[LOG] SoundI::release                          :     EDS_Battle_Theme_Vox (0000023E9011D778)
[LOG] SoundI::release                          :     EDS_Battle_Theme_Vox (0000023F61B4B828)
[LOG] SoundI::release                          : EDS_Battle_Theme_Cello (0000023E948CF5B8)
[LOG] SoundI::release                          :     EDS_Battle_Theme_Cello (0000023E9011C8D8)
[LOG] SoundI::release                          :     EDS_Battle_Theme_Cello (0000023F61B4B678)
[LOG] SoundI::release                          : EDS_Battle_Theme_Drums (0000023E948CF258)
[LOG] SoundI::release                          :     EDS_Battle_Theme_Drums (0000023E9011D438)
[LOG] SoundI::release                          :     EDS_Battle_Theme_Drums (0000023F61B4C3F8)
[LOG] SoundI::release                          : EDS_Battle_Theme_Violin_II (0000023E948CF0A8)
[LOG] SoundI::release                          :     EDS_Battle_Theme_Violin_II (0000023E9011CF58)
[LOG] SoundI::release                          :     EDS_Battle_Theme_Violin_II (0000023F61B4BEE8)
[LOG] Thread::callback                         : FMOD Studio bank load thread finished.
[LOG] Thread::callback                         : FMOD Studio sample load thread finished.
[LOG] LiveUpdate::release                      : 
[LOG] LiveUpdate::reset                        : Reset connection (reason Disconnected)
[LOG] Thread::callback                         : FMOD stream thread finished.
[LOG] Thread::callback                         : FMOD mixer thread finished.
[LOG] SystemI::close                           : Closed.
[LOG] Thread::callback                         : FMOD nonblocking thread (0) finished.
[LOG] Thread::callback                         : FMOD file thread finished.
